# JRE version: OpenJDK Runtime Environment Temurin-17.0.4.1+1 (17.0.4.1+1) (build 17.0.4.1+1)
# Java VM: OpenJDK 64-Bit Server VM Temurin-17.0.4.1+1 (17.0.4.1+1, mixed mode, tiered, compressed oops, compressed class ptrs, parallel gc, windows-amd64)
GC Precious Log:
 CPUs: 8 total, 8 available
 Memory: 7886M
 Large Page Support: Disabled
 NUMA Support: Disabled
 Compressed Oops: Enabled (32-bit)
 Alignments: Space 512K, Generation 512K, Heap 2M
 Heap Min Capacity: 100M
 Heap Initial Capacity: 100M
 Heap Max Capacity: 1G
 Pre-touch: Disabled
 Parallel Workers: 8
Heap:
 PSYoungGen      total 23040K, used 5999K [0x00000000eab00000, 0x00000000ec600000, 0x0000000100000000)
  eden space 22016K, 22% used [0x00000000eab00000,0x00000000eafe28f0,0x00000000ec080000)
  from space 1024K, 97% used [0x00000000ec500000,0x00000000ec5f93d0,0x00000000ec600000)
  to   space 2560K, 0% used [0x00000000ec100000,0x00000000ec100000,0x00000000ec380000)
 ParOldGen       total 68608K, used 13726K [0x00000000c0000000, 0x00000000c4300000, 0x00000000eab00000)
  object space 68608K, 20% used [0x00000000c0000000,0x00000000c0d67bb8,0x00000000c4300000)
 Metaspace       used 43829K, committed 44544K, reserved 1089536K
  class space    used 4722K, committed 5056K, reserved 1048576K
GC Heap History (20 events):
Event: 1.778 GC heap before
{Heap before GC invocations=5 (full 1):
 PSYoungGen      total 29696K, used 4082K [0x00000000eab00000, 0x00000000ecc00000, 0x0000000100000000)
  eden space 25600K, 0% used [0x00000000eab00000,0x00000000eab00000,0x00000000ec400000)
  from space 4096K, 99% used [0x00000000ec800000,0x00000000ecbfcb78,0x00000000ecc00000)
  to   space 4096K, 0% used [0x00000000ec400000,0x00000000ec400000,0x00000000ec800000)
 ParOldGen       total 68608K, used 4023K [0x00000000c0000000, 0x00000000c4300000, 0x00000000eab00000)
  object space 68608K, 5% used [0x00000000c0000000,0x00000000c03edd80,0x00000000c4300000)
 Metaspace       used 21079K, committed 21504K, reserved 1073152K
  class space    used 2147K, committed 2304K, reserved 1048576K
}
Event: 1.797 GC heap after
{Heap after GC invocations=5 (full 1):
 PSYoungGen      total 29696K, used 0K [0x00000000eab00000, 0x00000000ecc00000, 0x0000000100000000)
  eden space 25600K, 0% used [0x00000000eab00000,0x00000000eab00000,0x00000000ec400000)
  from space 4096K, 0% used [0x00000000ec800000,0x00000000ec800000,0x00000000ecc00000)
  to   space 4096K, 0% used [0x00000000ec400000,0x00000000ec400000,0x00000000ec800000)
 ParOldGen       total 68608K, used 7907K [0x00000000c0000000, 0x00000000c4300000, 0x00000000eab00000)
  object space 68608K, 11% used [0x00000000c0000000,0x00000000c07b8e28,0x00000000c4300000)
 Metaspace       used 21066K, committed 21504K, reserved 1073152K
  class space    used 2143K, committed 2304K, reserved 1048576K
}
Event: 2.061 GC heap before
{Heap before GC invocations=6 (full 1):
 PSYoungGen      total 29696K, used 25600K [0x00000000eab00000, 0x00000000ecc00000, 0x0000000100000000)
  eden space 25600K, 100% used [0x00000000eab00000,0x00000000ec400000,0x00000000ec400000)
  from space 4096K, 0% used [0x00000000ec800000,0x00000000ec800000,0x00000000ecc00000)
  to   space 4096K, 0% used [0x00000000ec400000,0x00000000ec400000,0x00000000ec800000)
 ParOldGen       total 68608K, used 7907K [0x00000000c0000000, 0x00000000c4300000, 0x00000000eab00000)
  object space 68608K, 11% used [0x00000000c0000000,0x00000000c07b8e28,0x00000000c4300000)
 Metaspace       used 24127K, committed 24704K, reserved 1073152K
  class space    used 2472K, committed 2752K, reserved 1048576K
}
Event: 2.063 GC heap after
{Heap after GC invocations=6 (full 1):
 PSYoungGen      total 28672K, used 3278K [0x00000000eab00000, 0x00000000ecb80000, 0x0000000100000000)
  eden space 25088K, 0% used [0x00000000eab00000,0x00000000eab00000,0x00000000ec380000)
  from space 3584K, 91% used [0x00000000ec400000,0x00000000ec733a48,0x00000000ec780000)
  to   space 4096K, 0% used [0x00000000ec780000,0x00000000ec780000,0x00000000ecb80000)
 ParOldGen       total 68608K, used 7915K [0x00000000c0000000, 0x00000000c4300000, 0x00000000eab00000)
  object space 68608K, 11% used [0x00000000c0000000,0x00000000c07bae28,0x00000000c4300000)
 Metaspace       used 24127K, committed 24704K, reserved 1073152K
  class space    used 2472K, committed 2752K, reserved 1048576K
}
Event: 2.234 GC heap before
{Heap before GC invocations=7 (full 1):
 PSYoungGen      total 28672K, used 28366K [0x00000000eab00000, 0x00000000ecb80000, 0x0000000100000000)
  eden space 25088K, 100% used [0x00000000eab00000,0x00000000ec380000,0x00000000ec380000)
  from space 3584K, 91% used [0x00000000ec400000,0x00000000ec733a48,0x00000000ec780000)
  to   space 4096K, 0% used [0x00000000ec780000,0x00000000ec780000,0x00000000ecb80000)
 ParOldGen       total 68608K, used 7915K [0x00000000c0000000, 0x00000000c4300000, 0x00000000eab00000)
  object space 68608K, 11% used [0x00000000c0000000,0x00000000c07bae28,0x00000000c4300000)
 Metaspace       used 27728K, committed 28288K, reserved 1081344K
  class space    used 2732K, committed 3008K, reserved 1048576K
}
Event: 2.235 GC heap after
{Heap after GC invocations=7 (full 1):
 PSYoungGen      total 26624K, used 1800K [0x00000000eab00000, 0x00000000ec980000, 0x0000000100000000)
  eden space 24576K, 0% used [0x00000000eab00000,0x00000000eab00000,0x00000000ec300000)
  from space 2048K, 87% used [0x00000000ec780000,0x00000000ec942368,0x00000000ec980000)
  to   space 2560K, 0% used [0x00000000ec480000,0x00000000ec480000,0x00000000ec700000)
 ParOldGen       total 68608K, used 7915K [0x00000000c0000000, 0x00000000c4300000, 0x00000000eab00000)
  object space 68608K, 11% used [0x00000000c0000000,0x00000000c07bae28,0x00000000c4300000)
 Metaspace       used 27728K, committed 28288K, reserved 1081344K
  class space    used 2732K, committed 3008K, reserved 1048576K
}
Event: 2.546 GC heap before
{Heap before GC invocations=8 (full 1):
 PSYoungGen      total 26624K, used 26376K [0x00000000eab00000, 0x00000000ec980000, 0x0000000100000000)
  eden space 24576K, 100% used [0x00000000eab00000,0x00000000ec300000,0x00000000ec300000)
  from space 2048K, 87% used [0x00000000ec780000,0x00000000ec942368,0x00000000ec980000)
  to   space 2560K, 0% used [0x00000000ec480000,0x00000000ec480000,0x00000000ec700000)
 ParOldGen       total 68608K, used 7915K [0x00000000c0000000, 0x00000000c4300000, 0x00000000eab00000)
  object space 68608K, 11% used [0x00000000c0000000,0x00000000c07bae28,0x00000000c4300000)
 Metaspace       used 30938K, committed 31552K, reserved 1081344K
  class space    used 3058K, committed 3392K, reserved 1048576K
}
Event: 2.548 GC heap after
{Heap after GC invocations=8 (full 1):
 PSYoungGen      total 26624K, used 2553K [0x00000000eab00000, 0x00000000ec880000, 0x0000000100000000)
  eden space 24064K, 0% used [0x00000000eab00000,0x00000000eab00000,0x00000000ec280000)
  from space 2560K, 99% used [0x00000000ec480000,0x00000000ec6fe400,0x00000000ec700000)
  to   space 1536K, 0% used [0x00000000ec700000,0x00000000ec700000,0x00000000ec880000)
 ParOldGen       total 68608K, used 8203K [0x00000000c0000000, 0x00000000c4300000, 0x00000000eab00000)
  object space 68608K, 11% used [0x00000000c0000000,0x00000000c0802e48,0x00000000c4300000)
 Metaspace       used 30938K, committed 31552K, reserved 1081344K
  class space    used 3058K, committed 3392K, reserved 1048576K
}
Event: 2.919 GC heap before
{Heap before GC invocations=9 (full 1):
 PSYoungGen      total 26624K, used 26617K [0x00000000eab00000, 0x00000000ec880000, 0x0000000100000000)
  eden space 24064K, 100% used [0x00000000eab00000,0x00000000ec280000,0x00000000ec280000)
  from space 2560K, 99% used [0x00000000ec480000,0x00000000ec6fe400,0x00000000ec700000)
  to   space 1536K, 0% used [0x00000000ec700000,0x00000000ec700000,0x00000000ec880000)
 ParOldGen       total 68608K, used 8203K [0x00000000c0000000, 0x00000000c4300000, 0x00000000eab00000)
  object space 68608K, 11% used [0x00000000c0000000,0x00000000c0802e48,0x00000000c4300000)
 Metaspace       used 34872K, committed 35584K, reserved 1081344K
  class space    used 3549K, committed 3904K, reserved 1048576K
}
Event: 2.922 GC heap after
{Heap after GC invocations=9 (full 1):
 PSYoungGen      total 25088K, used 1531K [0x00000000eab00000, 0x00000000eca00000, 0x0000000100000000)
  eden space 23552K, 0% used [0x00000000eab00000,0x00000000eab00000,0x00000000ec200000)
  from space 1536K, 99% used [0x00000000ec700000,0x00000000ec87efd8,0x00000000ec880000)
  to   space 4096K, 0% used [0x00000000ec200000,0x00000000ec200000,0x00000000ec600000)
 ParOldGen       total 68608K, used 10545K [0x00000000c0000000, 0x00000000c4300000, 0x00000000eab00000)
  object space 68608K, 15% used [0x00000000c0000000,0x00000000c0a4c5d8,0x00000000c4300000)
 Metaspace       used 34872K, committed 35584K, reserved 1081344K
  class space    used 3549K, committed 3904K, reserved 1048576K
}
Event: 2.993 GC heap before
{Heap before GC invocations=10 (full 1):
 PSYoungGen      total 25088K, used 4711K [0x00000000eab00000, 0x00000000eca00000, 0x0000000100000000)
  eden space 23552K, 13% used [0x00000000eab00000,0x00000000eae1afd8,0x00000000ec200000)
  from space 1536K, 99% used [0x00000000ec700000,0x00000000ec87efd8,0x00000000ec880000)
  to   space 4096K, 0% used [0x00000000ec200000,0x00000000ec200000,0x00000000ec600000)
 ParOldGen       total 68608K, used 10545K [0x00000000c0000000, 0x00000000c4300000, 0x00000000eab00000)
  object space 68608K, 15% used [0x00000000c0000000,0x00000000c0a4c5d8,0x00000000c4300000)
 Metaspace       used 35197K, committed 35840K, reserved 1081344K
  class space    used 3584K, committed 3904K, reserved 1048576K
}
Event: 2.995 GC heap after
{Heap after GC invocations=10 (full 1):
 PSYoungGen      total 24576K, used 620K [0x00000000eab00000, 0x00000000ec780000, 0x0000000100000000)
  eden space 23552K, 0% used [0x00000000eab00000,0x00000000eab00000,0x00000000ec200000)
  from space 1024K, 60% used [0x00000000ec200000,0x00000000ec29b0c8,0x00000000ec300000)
  to   space 2048K, 0% used [0x00000000ec580000,0x00000000ec580000,0x00000000ec780000)
 ParOldGen       total 68608K, used 11671K [0x00000000c0000000, 0x00000000c4300000, 0x00000000eab00000)
  object space 68608K, 17% used [0x00000000c0000000,0x00000000c0b65e10,0x00000000c4300000)
 Metaspace       used 35197K, committed 35840K, reserved 1081344K
  class space    used 3584K, committed 3904K, reserved 1048576K
}
Event: 2.995 GC heap before
{Heap before GC invocations=11 (full 2):
 PSYoungGen      total 24576K, used 620K [0x00000000eab00000, 0x00000000ec780000, 0x0000000100000000)
  eden space 23552K, 0% used [0x00000000eab00000,0x00000000eab00000,0x00000000ec200000)
  from space 1024K, 60% used [0x00000000ec200000,0x00000000ec29b0c8,0x00000000ec300000)
  to   space 2048K, 0% used [0x00000000ec580000,0x00000000ec580000,0x00000000ec780000)
 ParOldGen       total 68608K, used 11671K [0x00000000c0000000, 0x00000000c4300000, 0x00000000eab00000)
  object space 68608K, 17% used [0x00000000c0000000,0x00000000c0b65e10,0x00000000c4300000)
 Metaspace       used 35197K, committed 35840K, reserved 1081344K
  class space    used 3584K, committed 3904K, reserved 1048576K
}
Event: 3.017 GC heap after
{Heap after GC invocations=11 (full 2):
 PSYoungGen      total 24576K, used 0K [0x00000000eab00000, 0x00000000ec780000, 0x0000000100000000)
  eden space 23552K, 0% used [0x00000000eab00000,0x00000000eab00000,0x00000000ec200000)
  from space 1024K, 0% used [0x00000000ec200000,0x00000000ec200000,0x00000000ec300000)
  to   space 2048K, 0% used [0x00000000ec580000,0x00000000ec580000,0x00000000ec780000)
 ParOldGen       total 68608K, used 11950K [0x00000000c0000000, 0x00000000c4300000, 0x00000000eab00000)
  object space 68608K, 17% used [0x00000000c0000000,0x00000000c0babaa8,0x00000000c4300000)
 Metaspace       used 35197K, committed 35840K, reserved 1081344K
  class space    used 3584K, committed 3904K, reserved 1048576K
}
Event: 3.301 GC heap before
{Heap before GC invocations=12 (full 2):
 PSYoungGen      total 24576K, used 23552K [0x00000000eab00000, 0x00000000ec780000, 0x0000000100000000)
  eden space 23552K, 100% used [0x00000000eab00000,0x00000000ec200000,0x00000000ec200000)
  from space 1024K, 0% used [0x00000000ec200000,0x00000000ec200000,0x00000000ec300000)
  to   space 2048K, 0% used [0x00000000ec580000,0x00000000ec580000,0x00000000ec780000)
 ParOldGen       total 68608K, used 11950K [0x00000000c0000000, 0x00000000c4300000, 0x00000000eab00000)
  object space 68608K, 17% used [0x00000000c0000000,0x00000000c0babaa8,0x00000000c4300000)
 Metaspace       used 37794K, committed 38464K, reserved 1089536K
  class space    used 3951K, committed 4288K, reserved 1048576K
}
Event: 3.303 GC heap after
{Heap after GC invocations=12 (full 2):
 PSYoungGen      total 24064K, used 937K [0x00000000eab00000, 0x00000000ec680000, 0x0000000100000000)
  eden space 23040K, 0% used [0x00000000eab00000,0x00000000eab00000,0x00000000ec180000)
  from space 1024K, 91% used [0x00000000ec580000,0x00000000ec66a4e8,0x00000000ec680000)
  to   space 1536K, 0% used [0x00000000ec380000,0x00000000ec380000,0x00000000ec500000)
 ParOldGen       total 68608K, used 11958K [0x00000000c0000000, 0x00000000c4300000, 0x00000000eab00000)
  object space 68608K, 17% used [0x00000000c0000000,0x00000000c0badaa8,0x00000000c4300000)
 Metaspace       used 37794K, committed 38464K, reserved 1089536K
  class space    used 3951K, committed 4288K, reserved 1048576K
}
Event: 3.692 GC heap before
{Heap before GC invocations=13 (full 2):
 PSYoungGen      total 24064K, used 23977K [0x00000000eab00000, 0x00000000ec680000, 0x0000000100000000)
  eden space 23040K, 100% used [0x00000000eab00000,0x00000000ec180000,0x00000000ec180000)
  from space 1024K, 91% used [0x00000000ec580000,0x00000000ec66a4e8,0x00000000ec680000)
  to   space 1536K, 0% used [0x00000000ec380000,0x00000000ec380000,0x00000000ec500000)
 ParOldGen       total 68608K, used 11958K [0x00000000c0000000, 0x00000000c4300000, 0x00000000eab00000)
  object space 68608K, 17% used [0x00000000c0000000,0x00000000c0badaa8,0x00000000c4300000)
 Metaspace       used 40389K, committed 41088K, reserved 1089536K
  class space    used 4283K, committed 4608K, reserved 1048576K
}
Event: 3.694 GC heap after
{Heap after GC invocations=13 (full 2):
 PSYoungGen      total 24064K, used 864K [0x00000000eab00000, 0x00000000ec600000, 0x0000000100000000)
  eden space 22528K, 0% used [0x00000000eab00000,0x00000000eab00000,0x00000000ec100000)
  from space 1536K, 56% used [0x00000000ec380000,0x00000000ec458000,0x00000000ec500000)
  to   space 1024K, 0% used [0x00000000ec500000,0x00000000ec500000,0x00000000ec600000)
 ParOldGen       total 68608K, used 12647K [0x00000000c0000000, 0x00000000c4300000, 0x00000000eab00000)
  object space 68608K, 18% used [0x00000000c0000000,0x00000000c0c59eb8,0x00000000c4300000)
 Metaspace       used 40389K, committed 41088K, reserved 1089536K
  class space    used 4283K, committed 4608K, reserved 1048576K
}
Event: 4.401 GC heap before
{Heap before GC invocations=14 (full 2):
 PSYoungGen      total 24064K, used 23388K [0x00000000eab00000, 0x00000000ec600000, 0x0000000100000000)
  eden space 22528K, 99% used [0x00000000eab00000,0x00000000ec0ff250,0x00000000ec100000)
  from space 1536K, 56% used [0x00000000ec380000,0x00000000ec458000,0x00000000ec500000)
  to   space 1024K, 0% used [0x00000000ec500000,0x00000000ec500000,0x00000000ec600000)
 ParOldGen       total 68608K, used 12647K [0x00000000c0000000, 0x00000000c4300000, 0x00000000eab00000)
  object space 68608K, 18% used [0x00000000c0000000,0x00000000c0c59eb8,0x00000000c4300000)
 Metaspace       used 43203K, committed 43968K, reserved 1089536K
  class space    used 4642K, committed 4992K, reserved 1048576K
}
Event: 4.403 GC heap after
{Heap after GC invocations=14 (full 2):
 PSYoungGen      total 23040K, used 996K [0x00000000eab00000, 0x00000000ec600000, 0x0000000100000000)
  eden space 22016K, 0% used [0x00000000eab00000,0x00000000eab00000,0x00000000ec080000)
  from space 1024K, 97% used [0x00000000ec500000,0x00000000ec5f93d0,0x00000000ec600000)
  to   space 2560K, 0% used [0x00000000ec100000,0x00000000ec100000,0x00000000ec380000)
 ParOldGen       total 68608K, used 13726K [0x00000000c0000000, 0x00000000c4300000, 0x00000000eab00000)
  object space 68608K, 20% used [0x00000000c0000000,0x00000000c0d67bb8,0x00000000c4300000)
 Metaspace       used 43203K, committed 43968K, reserved 1089536K
  class space    used 4642K, committed 4992K, reserved 1048576K
}

