# JRE version: OpenJDK Runtime Environment Temurin-17.0.4.1+1 (17.0.4.1+1) (build 17.0.4.1+1)
# Java VM: OpenJDK 64-Bit Server VM Temurin-17.0.4.1+1 (17.0.4.1+1, mixed mode, tiered, compressed oops, compressed class ptrs, parallel gc, windows-amd64)
GC Precious Log:
 CPUs: 8 total, 8 available
 Memory: 7886M
 Large Page Support: Disabled
 NUMA Support: Disabled
 Compressed Oops: Enabled (32-bit)
 Alignments: Space 512K, Generation 512K, Heap 2M
 Heap Min Capacity: 100M
 Heap Initial Capacity: 100M
 Heap Max Capacity: 1G
 Pre-touch: Disabled
 Parallel Workers: 8
Heap:
 PSYoungGen      total 22528K, used 6278K [0x00000000eab00000, 0x00000000ec280000, 0x0000000100000000)
  eden space 20992K, 25% used [0x00000000eab00000,0x00000000eb039f58,0x00000000ebf80000)
  from space 1536K, 60% used [0x00000000ebf80000,0x00000000ec067b28,0x00000000ec100000)
  to   space 1536K, 0% used [0x00000000ec100000,0x00000000ec100000,0x00000000ec280000)
 ParOldGen       total 68608K, used 23886K [0x00000000c0000000, 0x00000000c4300000, 0x00000000eab00000)
  object space 68608K, 34% used [0x00000000c0000000,0x00000000c1753b80,0x00000000c4300000)
 Metaspace       used 38868K, committed 39424K, reserved 1089536K
  class space    used 3983K, committed 4224K, reserved 1048576K
GC Heap History (20 events):
Event: 4.011 GC heap before
{Heap before GC invocations=10 (full 1):
 PSYoungGen      total 24576K, used 24562K [0x00000000eab00000, 0x00000000ec900000, 0x0000000100000000)
  eden space 23552K, 100% used [0x00000000eab00000,0x00000000ec200000,0x00000000ec200000)
  from space 1024K, 98% used [0x00000000ec680000,0x00000000ec77c9f0,0x00000000ec780000)
  to   space 3584K, 0% used [0x00000000ec200000,0x00000000ec200000,0x00000000ec580000)
 ParOldGen       total 68608K, used 10246K [0x00000000c0000000, 0x00000000c4300000, 0x00000000eab00000)
  object space 68608K, 14% used [0x00000000c0000000,0x00000000c0a01a00,0x00000000c4300000)
 Metaspace       used 34629K, committed 35200K, reserved 1081344K
  class space    used 3506K, committed 3776K, reserved 1048576K
}
Event: 4.014 GC heap after
{Heap after GC invocations=10 (full 1):
 PSYoungGen      total 26112K, used 2726K [0x00000000eab00000, 0x00000000ec780000, 0x0000000100000000)
  eden space 23040K, 0% used [0x00000000eab00000,0x00000000eab00000,0x00000000ec180000)
  from space 3072K, 88% used [0x00000000ec200000,0x00000000ec4a9938,0x00000000ec500000)
  to   space 2560K, 0% used [0x00000000ec500000,0x00000000ec500000,0x00000000ec780000)
 ParOldGen       total 68608K, used 10625K [0x00000000c0000000, 0x00000000c4300000, 0x00000000eab00000)
  object space 68608K, 15% used [0x00000000c0000000,0x00000000c0a60650,0x00000000c4300000)
 Metaspace       used 34629K, committed 35200K, reserved 1081344K
  class space    used 3506K, committed 3776K, reserved 1048576K
}
Event: 4.115 GC heap before
{Heap before GC invocations=11 (full 1):
 PSYoungGen      total 26112K, used 25766K [0x00000000eab00000, 0x00000000ec780000, 0x0000000100000000)
  eden space 23040K, 100% used [0x00000000eab00000,0x00000000ec180000,0x00000000ec180000)
  from space 3072K, 88% used [0x00000000ec200000,0x00000000ec4a9938,0x00000000ec500000)
  to   space 2560K, 0% used [0x00000000ec500000,0x00000000ec500000,0x00000000ec780000)
 ParOldGen       total 68608K, used 10625K [0x00000000c0000000, 0x00000000c4300000, 0x00000000eab00000)
  object space 68608K, 15% used [0x00000000c0000000,0x00000000c0a60650,0x00000000c4300000)
 Metaspace       used 34712K, committed 35264K, reserved 1081344K
  class space    used 3518K, committed 3776K, reserved 1048576K
}
Event: 4.119 GC heap after
{Heap after GC invocations=11 (full 1):
 PSYoungGen      total 23552K, used 2528K [0x00000000eab00000, 0x00000000ecc00000, 0x0000000100000000)
  eden space 20992K, 0% used [0x00000000eab00000,0x00000000eab00000,0x00000000ebf80000)
  from space 2560K, 98% used [0x00000000ec500000,0x00000000ec778020,0x00000000ec780000)
  to   space 5632K, 0% used [0x00000000ebf80000,0x00000000ebf80000,0x00000000ec500000)
 ParOldGen       total 68608K, used 13066K [0x00000000c0000000, 0x00000000c4300000, 0x00000000eab00000)
  object space 68608K, 19% used [0x00000000c0000000,0x00000000c0cc2a38,0x00000000c4300000)
 Metaspace       used 34712K, committed 35264K, reserved 1081344K
  class space    used 3518K, committed 3776K, reserved 1048576K
}
Event: 4.175 GC heap before
{Heap before GC invocations=12 (full 1):
 PSYoungGen      total 23552K, used 23520K [0x00000000eab00000, 0x00000000ecc00000, 0x0000000100000000)
  eden space 20992K, 100% used [0x00000000eab00000,0x00000000ebf80000,0x00000000ebf80000)
  from space 2560K, 98% used [0x00000000ec500000,0x00000000ec778020,0x00000000ec780000)
  to   space 5632K, 0% used [0x00000000ebf80000,0x00000000ebf80000,0x00000000ec500000)
 ParOldGen       total 68608K, used 13066K [0x00000000c0000000, 0x00000000c4300000, 0x00000000eab00000)
  object space 68608K, 19% used [0x00000000c0000000,0x00000000c0cc2a38,0x00000000c4300000)
 Metaspace       used 34713K, committed 35264K, reserved 1081344K
  class space    used 3518K, committed 3776K, reserved 1048576K
}
Event: 4.179 GC heap after
{Heap after GC invocations=12 (full 1):
 PSYoungGen      total 23040K, used 1888K [0x00000000eab00000, 0x00000000ec580000, 0x0000000100000000)
  eden space 20992K, 0% used [0x00000000eab00000,0x00000000eab00000,0x00000000ebf80000)
  from space 2048K, 92% used [0x00000000ebf80000,0x00000000ec158000,0x00000000ec180000)
  to   space 3072K, 0% used [0x00000000ec280000,0x00000000ec280000,0x00000000ec580000)
 ParOldGen       total 68608K, used 15617K [0x00000000c0000000, 0x00000000c4300000, 0x00000000eab00000)
  object space 68608K, 22% used [0x00000000c0000000,0x00000000c0f40760,0x00000000c4300000)
 Metaspace       used 34713K, committed 35264K, reserved 1081344K
  class space    used 3518K, committed 3776K, reserved 1048576K
}
Event: 4.231 GC heap before
{Heap before GC invocations=13 (full 1):
 PSYoungGen      total 23040K, used 22880K [0x00000000eab00000, 0x00000000ec580000, 0x0000000100000000)
  eden space 20992K, 100% used [0x00000000eab00000,0x00000000ebf80000,0x00000000ebf80000)
  from space 2048K, 92% used [0x00000000ebf80000,0x00000000ec158000,0x00000000ec180000)
  to   space 3072K, 0% used [0x00000000ec280000,0x00000000ec280000,0x00000000ec580000)
 ParOldGen       total 68608K, used 15617K [0x00000000c0000000, 0x00000000c4300000, 0x00000000eab00000)
  object space 68608K, 22% used [0x00000000c0000000,0x00000000c0f40760,0x00000000c4300000)
 Metaspace       used 34713K, committed 35264K, reserved 1081344K
  class space    used 3518K, committed 3776K, reserved 1048576K
}
Event: 4.237 GC heap after
{Heap after GC invocations=13 (full 1):
 PSYoungGen      total 23040K, used 2016K [0x00000000eab00000, 0x00000000ec480000, 0x0000000100000000)
  eden space 20992K, 0% used [0x00000000eab00000,0x00000000eab00000,0x00000000ebf80000)
  from space 2048K, 98% used [0x00000000ec280000,0x00000000ec478000,0x00000000ec480000)
  to   space 2560K, 0% used [0x00000000ebf80000,0x00000000ebf80000,0x00000000ec200000)
 ParOldGen       total 68608K, used 17401K [0x00000000c0000000, 0x00000000c4300000, 0x00000000eab00000)
  object space 68608K, 25% used [0x00000000c0000000,0x00000000c10fe760,0x00000000c4300000)
 Metaspace       used 34713K, committed 35264K, reserved 1081344K
  class space    used 3518K, committed 3776K, reserved 1048576K
}
Event: 4.337 GC heap before
{Heap before GC invocations=14 (full 1):
 PSYoungGen      total 23040K, used 23008K [0x00000000eab00000, 0x00000000ec480000, 0x0000000100000000)
  eden space 20992K, 100% used [0x00000000eab00000,0x00000000ebf80000,0x00000000ebf80000)
  from space 2048K, 98% used [0x00000000ec280000,0x00000000ec478000,0x00000000ec480000)
  to   space 2560K, 0% used [0x00000000ebf80000,0x00000000ebf80000,0x00000000ec200000)
 ParOldGen       total 68608K, used 17401K [0x00000000c0000000, 0x00000000c4300000, 0x00000000eab00000)
  object space 68608K, 25% used [0x00000000c0000000,0x00000000c10fe760,0x00000000c4300000)
 Metaspace       used 34713K, committed 35264K, reserved 1081344K
  class space    used 3518K, committed 3776K, reserved 1048576K
}
Event: 4.339 GC heap after
{Heap after GC invocations=14 (full 1):
 PSYoungGen      total 23552K, used 2144K [0x00000000eab00000, 0x00000000ec480000, 0x0000000100000000)
  eden space 20992K, 0% used [0x00000000eab00000,0x00000000eab00000,0x00000000ebf80000)
  from space 2560K, 83% used [0x00000000ebf80000,0x00000000ec198010,0x00000000ec200000)
  to   space 2560K, 0% used [0x00000000ec200000,0x00000000ec200000,0x00000000ec480000)
 ParOldGen       total 68608K, used 19321K [0x00000000c0000000, 0x00000000c4300000, 0x00000000eab00000)
  object space 68608K, 28% used [0x00000000c0000000,0x00000000c12de760,0x00000000c4300000)
 Metaspace       used 34713K, committed 35264K, reserved 1081344K
  class space    used 3518K, committed 3776K, reserved 1048576K
}
Event: 4.451 GC heap before
{Heap before GC invocations=15 (full 1):
 PSYoungGen      total 23552K, used 16599K [0x00000000eab00000, 0x00000000ec480000, 0x0000000100000000)
  eden space 20992K, 68% used [0x00000000eab00000,0x00000000eb91df80,0x00000000ebf80000)
  from space 2560K, 83% used [0x00000000ebf80000,0x00000000ec198010,0x00000000ec200000)
  to   space 2560K, 0% used [0x00000000ec200000,0x00000000ec200000,0x00000000ec480000)
 ParOldGen       total 68608K, used 19321K [0x00000000c0000000, 0x00000000c4300000, 0x00000000eab00000)
  object space 68608K, 28% used [0x00000000c0000000,0x00000000c12de760,0x00000000c4300000)
 Metaspace       used 35216K, committed 35840K, reserved 1081344K
  class space    used 3563K, committed 3840K, reserved 1048576K
}
Event: 4.454 GC heap after
{Heap after GC invocations=15 (full 1):
 PSYoungGen      total 23552K, used 2212K [0x00000000eab00000, 0x00000000ec480000, 0x0000000100000000)
  eden space 20992K, 0% used [0x00000000eab00000,0x00000000eab00000,0x00000000ebf80000)
  from space 2560K, 86% used [0x00000000ec200000,0x00000000ec4293d0,0x00000000ec480000)
  to   space 2560K, 0% used [0x00000000ebf80000,0x00000000ebf80000,0x00000000ec200000)
 ParOldGen       total 68608K, used 21319K [0x00000000c0000000, 0x00000000c4300000, 0x00000000eab00000)
  object space 68608K, 31% used [0x00000000c0000000,0x00000000c14d1ff0,0x00000000c4300000)
 Metaspace       used 35216K, committed 35840K, reserved 1081344K
  class space    used 3563K, committed 3840K, reserved 1048576K
}
Event: 4.454 GC heap before
{Heap before GC invocations=16 (full 2):
 PSYoungGen      total 23552K, used 2212K [0x00000000eab00000, 0x00000000ec480000, 0x0000000100000000)
  eden space 20992K, 0% used [0x00000000eab00000,0x00000000eab00000,0x00000000ebf80000)
  from space 2560K, 86% used [0x00000000ec200000,0x00000000ec4293d0,0x00000000ec480000)
  to   space 2560K, 0% used [0x00000000ebf80000,0x00000000ebf80000,0x00000000ec200000)
 ParOldGen       total 68608K, used 21319K [0x00000000c0000000, 0x00000000c4300000, 0x00000000eab00000)
  object space 68608K, 31% used [0x00000000c0000000,0x00000000c14d1ff0,0x00000000c4300000)
 Metaspace       used 35216K, committed 35840K, reserved 1081344K
  class space    used 3563K, committed 3840K, reserved 1048576K
}
Event: 4.488 GC heap after
{Heap after GC invocations=16 (full 2):
 PSYoungGen      total 23552K, used 0K [0x00000000eab00000, 0x00000000ec480000, 0x0000000100000000)
  eden space 20992K, 0% used [0x00000000eab00000,0x00000000eab00000,0x00000000ebf80000)
  from space 2560K, 0% used [0x00000000ec200000,0x00000000ec200000,0x00000000ec480000)
  to   space 2560K, 0% used [0x00000000ebf80000,0x00000000ebf80000,0x00000000ec200000)
 ParOldGen       total 68608K, used 22632K [0x00000000c0000000, 0x00000000c4300000, 0x00000000eab00000)
  object space 68608K, 32% used [0x00000000c0000000,0x00000000c161a2d8,0x00000000c4300000)
 Metaspace       used 35216K, committed 35840K, reserved 1081344K
  class space    used 3563K, committed 3840K, reserved 1048576K
}
Event: 4.822 GC heap before
{Heap before GC invocations=17 (full 2):
 PSYoungGen      total 23552K, used 20962K [0x00000000eab00000, 0x00000000ec480000, 0x0000000100000000)
  eden space 20992K, 99% used [0x00000000eab00000,0x00000000ebf78858,0x00000000ebf80000)
  from space 2560K, 0% used [0x00000000ec200000,0x00000000ec200000,0x00000000ec480000)
  to   space 2560K, 0% used [0x00000000ebf80000,0x00000000ebf80000,0x00000000ec200000)
 ParOldGen       total 68608K, used 22632K [0x00000000c0000000, 0x00000000c4300000, 0x00000000eab00000)
  object space 68608K, 32% used [0x00000000c0000000,0x00000000c161a2d8,0x00000000c4300000)
 Metaspace       used 37225K, committed 37824K, reserved 1089536K
  class space    used 3839K, committed 4096K, reserved 1048576K
}
Event: 4.824 GC heap after
{Heap after GC invocations=17 (full 2):
 PSYoungGen      total 22016K, used 726K [0x00000000eab00000, 0x00000000ec280000, 0x0000000100000000)
  eden space 20992K, 0% used [0x00000000eab00000,0x00000000eab00000,0x00000000ebf80000)
  from space 1024K, 70% used [0x00000000ebf80000,0x00000000ec035a20,0x00000000ec080000)
  to   space 1536K, 0% used [0x00000000ec100000,0x00000000ec100000,0x00000000ec280000)
 ParOldGen       total 68608K, used 22640K [0x00000000c0000000, 0x00000000c4300000, 0x00000000eab00000)
  object space 68608K, 33% used [0x00000000c0000000,0x00000000c161c2d8,0x00000000c4300000)
 Metaspace       used 37225K, committed 37824K, reserved 1089536K
  class space    used 3839K, committed 4096K, reserved 1048576K
}
Event: 5.315 GC heap before
{Heap before GC invocations=18 (full 2):
 PSYoungGen      total 22016K, used 21718K [0x00000000eab00000, 0x00000000ec280000, 0x0000000100000000)
  eden space 20992K, 100% used [0x00000000eab00000,0x00000000ebf80000,0x00000000ebf80000)
  from space 1024K, 70% used [0x00000000ebf80000,0x00000000ec035a20,0x00000000ec080000)
  to   space 1536K, 0% used [0x00000000ec100000,0x00000000ec100000,0x00000000ec280000)
 ParOldGen       total 68608K, used 22640K [0x00000000c0000000, 0x00000000c4300000, 0x00000000eab00000)
  object space 68608K, 33% used [0x00000000c0000000,0x00000000c161c2d8,0x00000000c4300000)
 Metaspace       used 38829K, committed 39424K, reserved 1089536K
  class space    used 3983K, committed 4224K, reserved 1048576K
}
Event: 5.317 GC heap after
{Heap after GC invocations=18 (full 2):
 PSYoungGen      total 22528K, used 1280K [0x00000000eab00000, 0x00000000ec280000, 0x0000000100000000)
  eden space 20992K, 0% used [0x00000000eab00000,0x00000000eab00000,0x00000000ebf80000)
  from space 1536K, 83% used [0x00000000ec100000,0x00000000ec240360,0x00000000ec280000)
  to   space 1536K, 0% used [0x00000000ebf80000,0x00000000ebf80000,0x00000000ec100000)
 ParOldGen       total 68608K, used 23198K [0x00000000c0000000, 0x00000000c4300000, 0x00000000eab00000)
  object space 68608K, 33% used [0x00000000c0000000,0x00000000c16a7a00,0x00000000c4300000)
 Metaspace       used 38829K, committed 39424K, reserved 1089536K
  class space    used 3983K, committed 4224K, reserved 1048576K
}
Event: 5.537 GC heap before
{Heap before GC invocations=19 (full 2):
 PSYoungGen      total 22528K, used 22189K [0x00000000eab00000, 0x00000000ec280000, 0x0000000100000000)
  eden space 20992K, 99% used [0x00000000eab00000,0x00000000ebf6b428,0x00000000ebf80000)
  from space 1536K, 83% used [0x00000000ec100000,0x00000000ec240360,0x00000000ec280000)
  to   space 1536K, 0% used [0x00000000ebf80000,0x00000000ebf80000,0x00000000ec100000)
 ParOldGen       total 68608K, used 23198K [0x00000000c0000000, 0x00000000c4300000, 0x00000000eab00000)
  object space 68608K, 33% used [0x00000000c0000000,0x00000000c16a7a00,0x00000000c4300000)
 Metaspace       used 38865K, committed 39424K, reserved 1089536K
  class space    used 3983K, committed 4224K, reserved 1048576K
}
Event: 5.539 GC heap after
{Heap after GC invocations=19 (full 2):
 PSYoungGen      total 22528K, used 926K [0x00000000eab00000, 0x00000000ec280000, 0x0000000100000000)
  eden space 20992K, 0% used [0x00000000eab00000,0x00000000eab00000,0x00000000ebf80000)
  from space 1536K, 60% used [0x00000000ebf80000,0x00000000ec067b28,0x00000000ec100000)
  to   space 1536K, 0% used [0x00000000ec100000,0x00000000ec100000,0x00000000ec280000)
 ParOldGen       total 68608K, used 23886K [0x00000000c0000000, 0x00000000c4300000, 0x00000000eab00000)
  object space 68608K, 34% used [0x00000000c0000000,0x00000000c1753b80,0x00000000c4300000)
 Metaspace       used 38865K, committed 39424K, reserved 1089536K
  class space    used 3983K, committed 4224K, reserved 1048576K
}

